c:\envision\src\flow_solute\x64\debug\flow_solute.pch
c:\envision\src\flow_solute\x64\debug\vc140.pdb
c:\envision\src\flow_solute\x64\debug\vc140.idb
c:\envision\src\flow_solute\x64\debug\stdafx.obj
c:\envision\src\flow_solute\x64\debug\envextension.obj
c:\envision\src\flow_solute\x64\debug\flow_solute.obj
c:\envision\src\flow_solute\x64\debug\dllmain.obj
c:\envision\src\x64\debug\flow_solute.lib
c:\envision\src\x64\debug\flow_solute.exp
c:\envision\src\x64\debug\flow_solute.ilk
c:\envision\src\x64\debug\flow_solute.dll
c:\envision\src\x64\debug\flow_solute.pdb
c:\envision\src\flow_solute\x64\debug\flow_solute.res
c:\envision\src\flow_solute\x64\debug\flow_solute.obj.enc
c:\envision\src\flow_solute\x64\debug\msado15.tli
c:\envision\src\flow_solute\x64\debug\msado15.tlh
c:\envision\src\flow_solute\x64\debug\flow_solute.tlog\cl.command.1.tlog
c:\envision\src\flow_solute\x64\debug\flow_solute.tlog\cl.read.1.tlog
c:\envision\src\flow_solute\x64\debug\flow_solute.tlog\cl.write.1.tlog
c:\envision\src\flow_solute\x64\debug\flow_solute.tlog\flow_solute.write.1u.tlog
c:\envision\src\flow_solute\x64\debug\flow_solute.tlog\link.command.1.tlog
c:\envision\src\flow_solute\x64\debug\flow_solute.tlog\link.read.1.tlog
c:\envision\src\flow_solute\x64\debug\flow_solute.tlog\link.write.1.tlog
c:\envision\src\flow_solute\x64\debug\flow_solute.tlog\rc.command.1.tlog
c:\envision\src\flow_solute\x64\debug\flow_solute.tlog\rc.read.1.tlog
c:\envision\src\flow_solute\x64\debug\flow_solute.tlog\rc.write.1.tlog
