c:\envision\src\flow_grid\x64\debug\flow_grid.pch
c:\envision\src\flow_grid\x64\debug\vc120.pdb
c:\envision\src\flow_grid\x64\debug\vc120.idb
c:\envision\src\flow_grid\x64\debug\stdafx.obj
c:\envision\src\flow_grid\x64\debug\vc140.pdb
c:\envision\src\flow_grid\x64\debug\vc140.idb
c:\envision\src\flow_grid\x64\debug\envextension.obj
c:\envision\src\flow_grid\x64\debug\flow_grid.obj
c:\envision\src\flow_grid\x64\debug\dllmain.obj
c:\envision\src\x64\debug\flow_grid.lib
c:\envision\src\x64\debug\flow_grid.exp
c:\envision\src\x64\debug\flow_grid.ilk
c:\envision\src\x64\debug\flow_grid.dll
c:\envision\src\x64\debug\flow_grid.pdb
c:\envision\src\flow_grid\x64\debug\flow_grid.res
c:\envision\src\flow_grid\x64\debug\flow_grid.obj.enc
c:\envision\src\flow_grid\x64\debug\msado15.tli
c:\envision\src\flow_grid\x64\debug\msado15.tlh
c:\envision\src\flow_grid\x64\debug\flow_grid.tlog\cl.command.1.tlog
c:\envision\src\flow_grid\x64\debug\flow_grid.tlog\cl.read.1.tlog
c:\envision\src\flow_grid\x64\debug\flow_grid.tlog\cl.write.1.tlog
c:\envision\src\flow_grid\x64\debug\flow_grid.tlog\flow_grid.write.1u.tlog
c:\envision\src\flow_grid\x64\debug\flow_grid.tlog\link.command.1.tlog
c:\envision\src\flow_grid\x64\debug\flow_grid.tlog\link.read.1.tlog
c:\envision\src\flow_grid\x64\debug\flow_grid.tlog\link.write.1.tlog
c:\envision\src\flow_grid\x64\debug\flow_grid.tlog\rc.command.1.tlog
c:\envision\src\flow_grid\x64\debug\flow_grid.tlog\rc.read.1.tlog
c:\envision\src\flow_grid\x64\debug\flow_grid.tlog\rc.write.1.tlog
