c:\envision\src\flow_solute\x64\release\flow_solute.pch
c:\envision\src\flow_solute\x64\release\vc140.pdb
c:\envision\src\flow_solute\x64\release\stdafx.obj
c:\envision\src\flow_solute\x64\release\flow_solute.obj
c:\envision\src\flow_solute\x64\release\envextension.obj
c:\envision\src\flow_solute\x64\release\dllmain.obj
c:\envision\src\x64\release\flow_solute.lib
c:\envision\src\x64\release\flow_solute.exp
c:\envision\src\x64\release\flow_solute.dll
c:\envision\src\x64\release\flow_solute.ipdb
c:\envision\src\x64\release\flow_solute.iobj
c:\envision\src\x64\release\flow_solute.pdb
c:\envision\src\flow_solute\x64\release\flow_solute.res
c:\envision\src\flow_solute\x64\release\msado15.tli
c:\envision\src\flow_solute\x64\release\msado15.tlh
c:\envision\src\flow_solute\x64\release\flow_solute.tlog\cl.command.1.tlog
c:\envision\src\flow_solute\x64\release\flow_solute.tlog\cl.read.1.tlog
c:\envision\src\flow_solute\x64\release\flow_solute.tlog\cl.write.1.tlog
c:\envision\src\flow_solute\x64\release\flow_solute.tlog\flow_solute.write.1u.tlog
c:\envision\src\flow_solute\x64\release\flow_solute.tlog\link.command.1.tlog
c:\envision\src\flow_solute\x64\release\flow_solute.tlog\link.read.1.tlog
c:\envision\src\flow_solute\x64\release\flow_solute.tlog\link.write.1.tlog
c:\envision\src\flow_solute\x64\release\flow_solute.tlog\rc.command.1.tlog
c:\envision\src\flow_solute\x64\release\flow_solute.tlog\rc.read.1.tlog
c:\envision\src\flow_solute\x64\release\flow_solute.tlog\rc.write.1.tlog
