d:\envision\src\hbv\x64\release\hbv.pch
d:\envision\src\hbv\x64\release\vc120.pdb
d:\envision\src\hbv\x64\release\stdafx.obj
d:\envision\src\hbv\x64\release\hbv.obj
d:\envision\src\hbv\x64\release\envextension.obj
d:\envision\src\hbv\x64\release\dllmain.obj
d:\envision\src\x64\release\hbv.lib
d:\envision\src\x64\release\hbv.exp
d:\envision\src\x64\release\hbv.dll
d:\envision\src\x64\release\hbv.pdb
d:\envision\src\hbv\x64\release\hbv.res
d:\envision\src\hbv\x64\release\msado15.tli
d:\envision\src\hbv\x64\release\msado15.tlh
d:\envision\src\hbv\x64\release\hbv.tlog\cl.command.1.tlog
d:\envision\src\hbv\x64\release\hbv.tlog\cl.read.1.tlog
d:\envision\src\hbv\x64\release\hbv.tlog\cl.write.1.tlog
d:\envision\src\hbv\x64\release\hbv.tlog\hbv.write.1u.tlog
d:\envision\src\hbv\x64\release\hbv.tlog\link.command.1.tlog
d:\envision\src\hbv\x64\release\hbv.tlog\link.read.1.tlog
d:\envision\src\hbv\x64\release\hbv.tlog\link.write.1.tlog
d:\envision\src\hbv\x64\release\hbv.tlog\rc.command.1.tlog
d:\envision\src\hbv\x64\release\hbv.tlog\rc.read.1.tlog
d:\envision\src\hbv\x64\release\hbv.tlog\rc.write.1.tlog
