d:\envision\src\hbv\x64\debug\hbv.pch
d:\envision\src\hbv\x64\debug\vc120.pdb
d:\envision\src\hbv\x64\debug\vc120.idb
d:\envision\src\hbv\x64\debug\stdafx.obj
d:\envision\src\hbv\x64\debug\envextension.obj
d:\envision\src\hbv\x64\debug\hbv.obj
d:\envision\src\hbv\x64\debug\dllmain.obj
d:\envision\src\x64\debug\hbv.lib
d:\envision\src\x64\debug\hbv.exp
d:\envision\src\x64\debug\hbv.ilk
d:\envision\src\x64\debug\hbv.dll
d:\envision\src\x64\debug\hbv.pdb
d:\envision\src\hbv\x64\debug\hbv.res
d:\envision\src\hbv\x64\debug\msado15.tli
d:\envision\src\hbv\x64\debug\msado15.tlh
d:\envision\src\hbv\x64\debug\hbv.tlog\cl.command.1.tlog
d:\envision\src\hbv\x64\debug\hbv.tlog\cl.read.1.tlog
d:\envision\src\hbv\x64\debug\hbv.tlog\cl.write.1.tlog
d:\envision\src\hbv\x64\debug\hbv.tlog\hbv.write.1u.tlog
d:\envision\src\hbv\x64\debug\hbv.tlog\link.command.1.tlog
d:\envision\src\hbv\x64\debug\hbv.tlog\link.read.1.tlog
d:\envision\src\hbv\x64\debug\hbv.tlog\link.write.1.tlog
d:\envision\src\hbv\x64\debug\hbv.tlog\rc.command.1.tlog
d:\envision\src\hbv\x64\debug\hbv.tlog\rc.read.1.tlog
d:\envision\src\hbv\x64\debug\hbv.tlog\rc.write.1.tlog
